mktextfm Poppins-Light
mktextfm Poppins-Light
mktextfm Poppins-LightItalic
mktextfm Poppins-LightItalic/B
mktextfm Poppins-SemiBold
mktextfm Poppins-SemiBold/I
mktextfm Poppins-Light
mktextfm Poppins-Light/BI
mktextfm Poppins-Light
mktextfm Poppins-Light
mktextfm Poppins-SemiBold
mktextfm Poppins-SemiBold
mktextfm Poppins-LightItalic
mktextfm Poppins-LightItalic
mktextfm Poppins-Light
mktextfm Poppins-Light
mktextfm Poppins-Light
mktextfm Poppins-SemiBold
mktextfm Poppins-SemiBold
mktextfm Poppins-Light
mktextfm Poppins-Light
mktextfm Poppins-LightItalic
mktextfm Poppins-LightItalic
mktextfm Poppins-SemiBold
mktextfm Poppins-Light
mktextfm Poppins-Light
mktextfm Poppins-Light
mktextfm Poppins-Light
mktextfm Poppins-LightItalic
mktextfm Poppins-LightItalic/B
mktextfm Poppins-SemiBold
mktextfm Poppins-SemiBold/I
mktextfm Poppins-Light
mktextfm Poppins-Light/BI
mktextfm Poppins-Light
mktextfm Poppins-Light
mktextfm Poppins-SemiBold
mktextfm Poppins-SemiBold
mktextfm Poppins-LightItalic
mktextfm Poppins-LightItalic
mktextfm Poppins-Light
mktextfm Poppins-Light
mktextfm Poppins-Light
mktextfm Poppins-SemiBold
mktextfm Poppins-SemiBold
mktextfm Poppins-Light
mktextfm Poppins-Light
mktextfm Poppins-LightItalic
mktextfm Poppins-LightItalic
mktextfm Poppins-SemiBold
mktextfm Poppins-Light
mktextfm Poppins-Light
mktextfm Poppins-Light
mktextfm Poppins-Light
mktextfm Poppins-LightItalic
mktextfm Poppins-LightItalic/B
mktextfm Poppins-SemiBold
mktextfm Poppins-SemiBold/I
mktextfm Poppins-Light
mktextfm Poppins-Light/BI
mktextfm Poppins-Light
mktextfm Poppins-Light
mktextfm Poppins-SemiBold
mktextfm Poppins-SemiBold
mktextfm Poppins-LightItalic
mktextfm Poppins-LightItalic
mktextfm Poppins-Light
mktextfm Poppins-Light
mktextfm Poppins-Light
mktextfm Poppins-SemiBold
mktextfm Poppins-SemiBold
mktextfm Poppins-Light
mktextfm Poppins-Light
mktextfm Poppins-LightItalic
mktextfm Poppins-LightItalic
mktextfm Poppins-SemiBold
mktextfm Poppins-Light
mktextfm Poppins-Light
mktextfm Poppins-Light
mktextfm Poppins-Light
mktextfm Poppins-LightItalic
mktextfm Poppins-LightItalic/B
mktextfm Poppins-SemiBold
mktextfm Poppins-SemiBold/I
mktextfm Poppins-Light
mktextfm Poppins-Light/BI
mktextfm Poppins-Light
mktextfm Poppins-Light
mktextfm Poppins-SemiBold
mktextfm Poppins-SemiBold
mktextfm Poppins-LightItalic
mktextfm Poppins-LightItalic
mktextfm Poppins-Light
mktextfm Poppins-Light
mktextfm Poppins-Light
mktextfm Poppins-SemiBold
mktextfm Poppins-SemiBold
mktextfm Poppins-Light
mktextfm Poppins-Light
mktextfm Poppins-LightItalic
mktextfm Poppins-LightItalic
mktextfm Poppins-SemiBold
mktextfm Poppins-Light
mktextfm Poppins-Light
